[ERR!] cwd  : /Users/zhonglvgui/Documents/h5/react05
[ERR!] os   : Darwin 15.6.0
[ERR!] argv : "/usr/local/bin/node" "/usr/local/bin/tsd" "-h"
[ERR!] node : v8.5.0
[ERR!] tsd  : 0.6.5
[ERR!] Error: Cannot find module 'internal/errors'
[ERR!] CODE : MODULE_NOT_FOUND
[ERR!] Cannot find module 'internal/errors'
[ERR!] If you need help, you may report this error at:
    https://github.com/DefinitelyTyped/tsd/issues

[ERR!] 
Error: Cannot find module 'internal/errors'
    at Function.Module._resolveFilename (module.js:527:15)
    at Function.Module._load (module.js:476:23)
    at Module.require (module.js:568:17)
    at require (internal/module.js:11:18)
    at evalmachine.<anonymous>:36:16
    at Object.<anonymous> (/usr/local/lib/node_modules/tsd/node_modules/graceful-fs/fs.js:11:1)
    at Module._compile (module.js:624:30)
    at Object.Module._extensions..js (module.js:635:10)
    at Module.load (module.js:545:32)
    at tryModuleLoad (module.js:508:12)

[ERR!] tsd.json could not be retrieved

[ERR!] .tsdrc could not be retrieved

[ERR!] Please include the following file with any support request:
    /Users/zhonglvgui/Documents/h5/react05/tsd-debug.log

